This is pdfTeX, Version 3.14159265-2.6-1.40.20 (MiKTeX 2.9.7250 64-bit) (preloaded format=pdflatex 2019.12.16)  30 NOV 2020 21:26
entering extended mode
**./Ex4_gpucomp3.tex
(Ex4_gpucomp3.tex
LaTeX2e <2019-10-01> patch level 3
("C:\Program Files\MiKTeX 2.9\tex/latex/base\article.cls"
Document Class: article 2019/10/25 v1.4k Standard LaTeX document class
("C:\Program Files\MiKTeX 2.9\tex/latex/base\size12.clo"
File: size12.clo 2019/10/25 v1.4k Standard LaTeX file (size option)
)
\c@part=\count80
\c@section=\count81
\c@subsection=\count82
\c@subsubsection=\count83
\c@paragraph=\count84
\c@subparagraph=\count85
\c@figure=\count86
\c@table=\count87
\abovecaptionskip=\skip41
\belowcaptionskip=\skip42
\bibindent=\dimen102
)
("C:\Program Files\MiKTeX 2.9\tex/latex/base\inputenc.sty"
Package: inputenc 2018/08/11 v1.3c Input encoding file
\inpenc@prehook=\toks14
\inpenc@posthook=\toks15
)
("C:\Program Files\MiKTeX 2.9\tex/latex/graphics\graphicx.sty"
Package: graphicx 2017/06/01 v1.1a Enhanced LaTeX Graphics (DPC,SPQR)

("C:\Program Files\MiKTeX 2.9\tex/latex/graphics\keyval.sty"
Package: keyval 2014/10/28 v1.15 key=value parser (DPC)
\KV@toks@=\toks16
)
("C:\Program Files\MiKTeX 2.9\tex/latex/graphics\graphics.sty"
Package: graphics 2019/11/01 v1.3d Standard LaTeX Graphics (DPC,SPQR)

("C:\Program Files\MiKTeX 2.9\tex/latex/graphics\trig.sty"
Package: trig 2016/01/03 v1.10 sin cos tan (DPC)
)
("C:\Program Files\MiKTeX 2.9\tex/latex/graphics-cfg\graphics.cfg"
File: graphics.cfg 2016/06/04 v1.11 sample graphics configuration
)
Package graphics Info: Driver file: pdftex.def on input line 105.

("C:\Program Files\MiKTeX 2.9\tex/latex/graphics-def\pdftex.def"
File: pdftex.def 2018/01/08 v1.0l Graphics/color driver for pdftex
))
\Gin@req@height=\dimen103
\Gin@req@width=\dimen104
)
("C:\Program Files\MiKTeX 2.9\tex/latex/geometry\geometry.sty"
Package: geometry 2018/04/16 v5.8 Page Geometry

("C:\Program Files\MiKTeX 2.9\tex/generic/iftex\ifpdf.sty"
Package: ifpdf 2019/10/25 v3.4 ifpdf legacy package. Use iftex instead.

("C:\Program Files\MiKTeX 2.9\tex/generic/iftex\iftex.sty"
Package: iftex 2019/11/07 v1.0c TeX engine tests
))
("C:\Program Files\MiKTeX 2.9\tex/generic/iftex\ifvtex.sty"
Package: ifvtex 2019/10/25 v1.7 ifvtex legacy package. Use iftex instead.
)
("C:\Program Files\MiKTeX 2.9\tex/generic/iftex\ifxetex.sty"
Package: ifxetex 2019/10/25 v0.7 ifxetex legacy package. Use iftex instead.
)
\Gm@cnth=\count88
\Gm@cntv=\count89
\c@Gm@tempcnt=\count90
\Gm@bindingoffset=\dimen105
\Gm@wd@mp=\dimen106
\Gm@odd@mp=\dimen107
\Gm@even@mp=\dimen108
\Gm@layoutwidth=\dimen109
\Gm@layoutheight=\dimen110
\Gm@layouthoffset=\dimen111
\Gm@layoutvoffset=\dimen112
\Gm@dimlist=\toks17

("C:\Program Files\MiKTeX 2.9\tex/latex/geometry\geometry.cfg"))
(C:\Users\bmaier\AppData\Roaming\MiKTeX\2.9\tex/latex\fancyhdr\fancyhdr.sty
Package: fancyhdr 2019/01/31 v3.10 Extensive control of page headers and footer
s
\f@nch@headwidth=\skip43
\f@nch@O@elh=\skip44
\f@nch@O@erh=\skip45
\f@nch@O@olh=\skip46
\f@nch@O@orh=\skip47
\f@nch@O@elf=\skip48
\f@nch@O@erf=\skip49
\f@nch@O@olf=\skip50
\f@nch@O@orf=\skip51
)
(Ex4_gpucomp3.aux)
\openout1 = `Ex4_gpucomp3.aux'.

LaTeX Font Info:    Checking defaults for OML/cmm/m/it on input line 36.
LaTeX Font Info:    ... okay on input line 36.
LaTeX Font Info:    Checking defaults for T1/cmr/m/n on input line 36.
LaTeX Font Info:    ... okay on input line 36.
LaTeX Font Info:    Checking defaults for OT1/cmr/m/n on input line 36.
LaTeX Font Info:    ... okay on input line 36.
LaTeX Font Info:    Checking defaults for OMS/cmsy/m/n on input line 36.
LaTeX Font Info:    ... okay on input line 36.
LaTeX Font Info:    Checking defaults for OMX/cmex/m/n on input line 36.
LaTeX Font Info:    ... okay on input line 36.
LaTeX Font Info:    Checking defaults for U/cmr/m/n on input line 36.
LaTeX Font Info:    ... okay on input line 36.

(C:\Users\bmaier\AppData\Roaming\MiKTeX\2.9\tex\context\base\mkii\supp-pdf.mkii
[Loading MPS to PDF converter (version 2006.09.02).]
\scratchcounter=\count91
\scratchdimen=\dimen113
\scratchbox=\box27
\nofMPsegments=\count92
\nofMParguments=\count93
\everyMPshowfont=\toks18
\MPscratchCnt=\count94
\MPscratchDim=\dimen114
\MPnumerator=\count95
\makeMPintoPDFobject=\count96
\everyMPtoPDFconversion=\toks19
) ("C:\Program Files\MiKTeX 2.9\tex/latex/oberdiek\epstopdf-base.sty"
Package: epstopdf-base 2016/05/15 v2.6 Base part for package epstopdf

("C:\Program Files\MiKTeX 2.9\tex/generic/oberdiek\infwarerr.sty"
Package: infwarerr 2016/05/16 v1.4 Providing info/warning/error messages (HO)
)
("C:\Program Files\MiKTeX 2.9\tex/latex/oberdiek\grfext.sty"
Package: grfext 2016/05/16 v1.2 Manage graphics extensions (HO)

("C:\Program Files\MiKTeX 2.9\tex/generic/oberdiek\kvdefinekeys.sty"
Package: kvdefinekeys 2016/05/16 v1.4 Define keys (HO)

("C:\Program Files\MiKTeX 2.9\tex/generic/oberdiek\ltxcmds.sty"
Package: ltxcmds 2016/05/16 v1.23 LaTeX kernel commands for general use (HO)
)))
("C:\Program Files\MiKTeX 2.9\tex/latex/oberdiek\kvoptions.sty"
Package: kvoptions 2016/05/16 v3.12 Key value format for package options (HO)

("C:\Program Files\MiKTeX 2.9\tex/generic/oberdiek\kvsetkeys.sty"
Package: kvsetkeys 2016/05/16 v1.17 Key value parser (HO)

("C:\Program Files\MiKTeX 2.9\tex/generic/oberdiek\etexcmds.sty"
Package: etexcmds 2016/05/16 v1.6 Avoid name clashes with e-TeX commands (HO)

("C:\Program Files\MiKTeX 2.9\tex/generic/iftex\ifluatex.sty"
Package: ifluatex 2019/10/25 v1.5 ifluatex legacy package. Use iftex instead.
))))
("C:\Program Files\MiKTeX 2.9\tex/generic/oberdiek\pdftexcmds.sty"
Package: pdftexcmds 2019/07/25 v0.30 Utility functions of pdfTeX for LuaTeX (HO
)
Package pdftexcmds Info: LuaTeX not detected.
Package pdftexcmds Info: \pdf@primitive is available.
Package pdftexcmds Info: \pdf@ifprimitive is available.
Package pdftexcmds Info: \pdfdraftmode found.
)
Package epstopdf-base Info: Redefining graphics rule for `.eps' on input line 4
38.
Package grfext Info: Graphics extension search list:
(grfext)             [.pdf,.png,.jpg,.mps,.jpeg,.jbig2,.jb2,.PDF,.PNG,.JPG,.JPE
G,.JBIG2,.JB2,.eps]
(grfext)             \AppendGraphicsExtensions on input line 456.
)
*geometry* driver: auto-detecting
*geometry* detected driver: pdftex
*geometry* verbose mode - [ preamble ] result:
* driver: pdftex
* paper: a4paper
* layout: <same size as paper>
* layoutoffset:(h,v)=(0.0pt,0.0pt)
* modes: includehead includefoot heightrounded 
* h-part:(L,W,R)=(56.9055pt, 483.69687pt, 56.9055pt)
* v-part:(T,H,B)=(56.9055pt, 731.23584pt, 56.9055pt)
* \paperwidth=597.50787pt
* \paperheight=845.04684pt
* \textwidth=483.69687pt
* \textheight=664.5pt
* \oddsidemargin=-15.36449pt
* \evensidemargin=-15.36449pt
* \topmargin=-15.36449pt
* \headheight=17.0pt
* \headsep=25.0pt
* \topskip=12.0pt
* \footskip=30.0pt
* \marginparwidth=44.0pt
* \marginparsep=10.0pt
* \columnsep=10.0pt
* \skip\footins=10.8pt plus 4.0pt minus 2.0pt
* \hoffset=0.0pt
* \voffset=0.0pt
* \mag=1000
* \@twocolumnfalse
* \@twosidefalse
* \@mparswitchfalse
* \@reversemarginfalse
* (1in=72.27pt=25.4mm, 1cm=28.453pt)

[1

{C:/Users/bmaier/AppData/Local/MiKTeX/2.9/pdftex/config/pdftex.map}]
Underfull \hbox (badness 10000) in paragraph at lines 60--66

 []


Underfull \hbox (badness 10000) in paragraph at lines 60--66

 []


Underfull \hbox (badness 10000) in paragraph at lines 72--79

 []


Underfull \hbox (badness 10000) in paragraph at lines 72--79

 []

[1]
<../../template/plots/aufgabe4_2a.pdf, id=13, 462.52798pt x 346.89601pt>
File: ../../template/plots/aufgabe4_2a.pdf Graphic file (type pdf)
<use ../../template/plots/aufgabe4_2a.pdf>
Package pdftex.def Info: ../../template/plots/aufgabe4_2a.pdf  used on input li
ne 84.
(pdftex.def)             Requested size: 338.58632pt x 253.95184pt.
<../../template/plots/aufgabe4_2b.pdf, id=14, 462.52798pt x 346.89601pt>
File: ../../template/plots/aufgabe4_2b.pdf Graphic file (type pdf)
<use ../../template/plots/aufgabe4_2b.pdf>
Package pdftex.def Info: ../../template/plots/aufgabe4_2b.pdf  used on input li
ne 91.
(pdftex.def)             Requested size: 338.58632pt x 253.95184pt.
<../../template/plots/aufgabe4_2c.pdf, id=15, 462.52798pt x 346.89601pt>
File: ../../template/plots/aufgabe4_2c.pdf Graphic file (type pdf)
<use ../../template/plots/aufgabe4_2c.pdf>
Package pdftex.def Info: ../../template/plots/aufgabe4_2c.pdf  used on input li
ne 100.
(pdftex.def)             Requested size: 338.58632pt x 253.95184pt.
<../../template/plots/aufgabe4_2d.pdf, id=16, 462.52798pt x 346.89601pt>
File: ../../template/plots/aufgabe4_2d.pdf Graphic file (type pdf)
<use ../../template/plots/aufgabe4_2d.pdf>
Package pdftex.def Info: ../../template/plots/aufgabe4_2d.pdf  used on input li
ne 107.
(pdftex.def)             Requested size: 338.58632pt x 253.95184pt.
<../../template/plots/aufgabe4_2e.pdf, id=17, 462.52798pt x 346.89601pt>
File: ../../template/plots/aufgabe4_2e.pdf Graphic file (type pdf)
<use ../../template/plots/aufgabe4_2e.pdf>
Package pdftex.def Info: ../../template/plots/aufgabe4_2e.pdf  used on input li
ne 116.
(pdftex.def)             Requested size: 338.58632pt x 253.95184pt.
<../../template/plots/aufgabe4_2f.pdf, id=18, 462.52798pt x 346.89601pt>
File: ../../template/plots/aufgabe4_2f.pdf Graphic file (type pdf)
<use ../../template/plots/aufgabe4_2f.pdf>
Package pdftex.def Info: ../../template/plots/aufgabe4_2f.pdf  used on input li
ne 123.
(pdftex.def)             Requested size: 338.58632pt x 253.95184pt.

Underfull \hbox (badness 10000) in paragraph at lines 128--129

 []

<../../template/plots/aufgabe4_2a_v2.pdf, id=19, 462.52798pt x 346.89601pt>
File: ../../template/plots/aufgabe4_2a_v2.pdf Graphic file (type pdf)
<use ../../template/plots/aufgabe4_2a_v2.pdf>
Package pdftex.def Info: ../../template/plots/aufgabe4_2a_v2.pdf  used on input
 line 132.
(pdftex.def)             Requested size: 338.58632pt x 253.95184pt.
<../../template/plots/aufgabe4_3.pdf, id=20, 462.52798pt x 346.89601pt>
File: ../../template/plots/aufgabe4_3.pdf Graphic file (type pdf)
<use ../../template/plots/aufgabe4_3.pdf>
Package pdftex.def Info: ../../template/plots/aufgabe4_3.pdf  used on input lin
e 147.
(pdftex.def)             Requested size: 338.58632pt x 253.95184pt.
[2 <../../template/plots/aufgabe4_2a.pdf>] [3 <../../template/plots/aufgabe4_2b
.pdf> <../../template/plots/aufgabe4_2c.pdf

pdfTeX warning: pdflatex.exe (file ../../template/plots/aufgabe4_2c.pdf): PDF i
nclusion: multiple pdfs with page group included in a single page
>] [4 <../../template/plots/aufgabe4_2d.pdf> <../../template/plots/aufgabe4_2e.
pdf

pdfTeX warning: pdflatex.exe (file ../../template/plots/aufgabe4_2e.pdf): PDF i
nclusion: multiple pdfs with page group included in a single page
>] [5 <../../template/plots/aufgabe4_2f.pdf> <../../template/plots/aufgabe4_2a_
v2.pdf

pdfTeX warning: pdflatex.exe (file ../../template/plots/aufgabe4_2a_v2.pdf): PD
F inclusion: multiple pdfs with page group included in a single page
>] [6 <../../template/plots/aufgabe4_3.pdf>] (Ex4_gpucomp3.aux) ) 
Here is how much of TeX's memory you used:
 2195 strings out of 492450
 32740 string characters out of 3129712
 106808 words of memory out of 3000000
 6546 multiletter control sequences out of 15000+200000
 7005 words of font info for 25 fonts, out of 3000000 for 9000
 1141 hyphenation exceptions out of 8191
 51i,10n,45p,644b,243s stack positions out of 5000i,500n,10000p,200000b,50000s
<C:/Program Fi
les/MiKTeX 2.9/fonts/type1/public/amsfonts/cm/cmbx12.pfb><C:/Program Files/MiKT
eX 2.9/fonts/type1/public/amsfonts/cm/cmcsc10.pfb><C:/Program Files/MiKTeX 2.9/
fonts/type1/public/amsfonts/cm/cmr12.pfb><C:/Program Files/MiKTeX 2.9/fonts/typ
e1/public/amsfonts/cm/cmr17.pfb><C:/Program Files/MiKTeX 2.9/fonts/type1/public
/amsfonts/cm/cmti12.pfb>
Output written on Ex4_gpucomp3.pdf (7 pages, 191531 bytes).
PDF statistics:
 356 PDF objects out of 1000 (max. 8388607)
 0 named destinations out of 1000 (max. 500000)
 41 words of extra memory for PDF output out of 10000 (max. 10000000)

